<?xml version="1.0" encoding="UTF-8"?>
<testng-results ignored="0" total="2" passed="2" failed="0" skipped="0">
  <reporter-output>
  </reporter-output>
  <suite started-at="2022-11-13T21:25:33 IST" name="Suite" finished-at="2022-11-13T21:25:57 IST" duration-ms="23215">
    <groups>
    </groups>
    <test started-at="2022-11-13T21:25:33 IST" name="Test" finished-at="2022-11-13T21:25:57 IST" duration-ms="23215">
      <class name="com.freecrm.tests.FreeCRMHomeTest">
        <test-method is-config="true" signature="setup()[pri:0, instance:com.freecrm.tests.FreeCRMHomeTest@4d154ccd]" started-at="2022-11-13T21:25:33 IST" name="setup" finished-at="2022-11-13T21:25:55 IST" duration-ms="21160" status="PASS">
          <reporter-output>
          </reporter-output>
        </test-method> <!-- setup -->
        <test-method signature="ValidateHomePageLinks()[pri:1, instance:com.freecrm.tests.FreeCRMHomeTest@4d154ccd]" started-at="2022-11-13T21:25:55 IST" name="ValidateHomePageLinks" finished-at="2022-11-13T21:25:56 IST" duration-ms="1074" status="PASS">
          <reporter-output>
          </reporter-output>
        </test-method> <!-- ValidateHomePageLinks -->
        <test-method signature="validatePageTitle()[pri:2, instance:com.freecrm.tests.FreeCRMHomeTest@4d154ccd]" started-at="2022-11-13T21:25:56 IST" name="validatePageTitle" finished-at="2022-11-13T21:25:56 IST" duration-ms="22" status="PASS">
          <reporter-output>
          </reporter-output>
        </test-method> <!-- validatePageTitle -->
        <test-method is-config="true" signature="tearDown()[pri:0, instance:com.freecrm.tests.FreeCRMHomeTest@4d154ccd]" started-at="2022-11-13T21:25:56 IST" name="tearDown" finished-at="2022-11-13T21:25:57 IST" duration-ms="814" status="PASS">
          <reporter-output>
          </reporter-output>
        </test-method> <!-- tearDown -->
      </class> <!-- com.freecrm.tests.FreeCRMHomeTest -->
    </test> <!-- Test -->
  </suite> <!-- Suite -->
</testng-results>
